<?xml version="1.0" encoding="UTF-8"?>
<!-- Generated by org.testng.reporters.JUnitXMLReporter -->
<testsuite ignored="0" hostname="DESKTOP-R0RLALP" failures="1" tests="2" name="Test Runner2" time="314.759" errors="0" timestamp="2025-02-10T10:01:20 IST">
  <testcase classname="io.cucumber.testng.AbstractTestNGCucumberTests" name="runScenario" time="234.152"/>
  <testcase classname="io.cucumber.testng.AbstractTestNGCucumberTests" name="runScenario" time="64.576">
    <failure type="java.lang.NullPointerException" message="Cannot invoke &amp;quot;org.openqa.selenium.WebElement.isDisplayed()&amp;quot; because &amp;quot;element&amp;quot; is null">
      <![CDATA[java.lang.NullPointerException: Cannot invoke "org.openqa.selenium.WebElement.isDisplayed()" because "element" is null
at org.openqa.selenium.support.ui.ExpectedConditions.elementIfVisible(ExpectedConditions.java:307)
at org.openqa.selenium.support.ui.ExpectedConditions.access$000(ExpectedConditions.java:40)
at org.openqa.selenium.support.ui.ExpectedConditions$10.apply(ExpectedConditions.java:293)
at org.openqa.selenium.support.ui.ExpectedConditions$10.apply(ExpectedConditions.java:290)
at org.openqa.selenium.support.ui.FluentWait.until(FluentWait.java:208)
at com.java.utils.Utilities.waitForElementToLoad(Utilities.java:49)
at com.java.utils.Utilities.scrollTo(Utilities.java:85)
at com.java.pages.CoreProductNewsPage.getTotalVideoFeeds(CoreProductNewsPage.java:35)
at com.java.stepDefinition.VideoFeeds.i_count_the_total_number_of_video_feeds(VideoFeeds.java:49)
at ✽.I count the total number of video feeds(classpath:com/java/features/VideoFeeds.feature:8)
]]>
    </failure>
  </testcase> <!-- runScenario -->
</testsuite> <!-- Test Runner2 -->
