<?xml version="1.0" encoding="UTF-8"?>
<testsuite xmlns:xsi="http://www.w3.org/2001/XMLSchema-instance" xsi:noNamespaceSchemaLocation="https://maven.apache.org/surefire/maven-surefire-plugin/xsd/surefire-test-report.xsd" version="3.0.1" name="TestSuite" time="130.034" tests="2" errors="0" skipped="0" failures="0">
  <properties>
[...]
</properties>
  <testcase name="runScenario[&quot;Verify Video Feeds in the New &amp; Features section&quot;, &quot;Optional[Validate Video Feeds on CP Home Page]&quot;](1)" classname="com.java.runner.VideoFeedsRunner" time="111.361">
    <system-out><![CDATA[[Configuration] [WARN] Detected a static method [com.java.base.SetUp.quitDriver()]. Static configuration methods can cause  unexpected behavior.
2025-02-13 17:47:32 [INFO] com.java.base.SetUp - Initialised properties file containing xpaths
2025-02-13 17:47:32 [INFO] com.java.base.SetUp - Initialised properties file containing configurations
2025-02-13 17:47:39 [INFO] com.java.base.SetUp - Chrome Browser was initialised
2025-02-13 17:47:40 [INFO] com.java.base.SetUp - ChromeBrowser was maximized
2025-02-13 17:47:40 [INFO] com.java.base.SetUp - Edge Browser was initialised
2025-02-13 17:47:41 [INFO] com.java.base.SetUp - EdgeBrowser was maximized
2025-02-13 17:47:42 [INFO] com.java.base.SetUp - Cucumber Tags Set at Runtime as @DP1 in Edge
2025-02-13 17:47:42 [INFO] com.java.base.SetUp - Cucumber Tags Set at Runtime as @DP1 in Chrome
2025-02-13 17:47:42 [INFO] com.java.base.SetUp - Running Scenario Verify Video Feeds in the New & Features section in Edge
2025-02-13 17:47:42 [INFO] com.java.base.SetUp - Running Scenario Verify Video Feeds in the New & Features section in Chrome
2025-02-13 17:47:47 [INFO] com.java.base.SetUp - Navigated to https://www.nba.com/warriors in Edge
2025-02-13 17:47:48 [INFO] com.java.base.SetUp - Navigated to https://www.nba.com/warriors in Chrome
2025-02-13 17:48:39 [INFO] com.java.base.SetUp - Home Page Popup Window not displayed
2025-02-13 17:48:43 [INFO] com.java.base.SetUp - Accepted cookies
2025-02-13 17:48:43 [INFO] com.java.base.SetUp - Core Product Home Page was displayed
2025-02-13 17:48:45 [INFO] com.java.base.SetUp - News and Features option was displayed
2025-02-13 17:48:52 [INFO] com.java.base.SetUp - Home Page Popup Window not displayed
2025-02-13 17:48:54 [INFO] com.java.base.SetUp - Accepted cookies
2025-02-13 17:48:54 [INFO] com.java.base.SetUp - Core Product Home Page was displayed
2025-02-13 17:49:08 [INFO] com.java.base.SetUp - News and Features option was displayed
2025-02-13 17:49:16 [INFO] com.java.base.SetUp - News and Media Page was displayed
2025-02-13 17:49:26 [INFO] com.java.base.SetUp - News and Media Page was displayed
2025-02-13 17:49:26 [INFO] com.java.base.SetUp - Scrolled to videos section in Chrome
2025-02-13 17:49:26 [INFO] com.java.base.SetUp - Videos section was displayed
2025-02-13 17:49:28 [INFO] com.java.base.SetUp - Total Video Feeds Displayed are 22 in Chrome
2025-02-13 17:49:33 [INFO] com.java.base.SetUp - Total number of video feeds greater than 3 days are 0
]]></system-out>
    <system-err><![CDATA[SLF4J(W): No SLF4J providers were found.
SLF4J(W): Defaulting to no-operation (NOP) logger implementation
SLF4J(W): See https://www.slf4j.org/codes.html#noProviders for further details.
StartSingta rtMiincgro Csohrfot mEedDgreiv Were bD1r3i3.v0e.r6 193433..05.33 0(695a.85099 3(530b189abc0d92751b909517cfc21d1d1c25934ed3a62043cbbc8379948b63f0942-0rfedaf27s/b1r)a nocnh -pohreta d2s0/7649243
@T{o# 1s3u8b9m}i)t  ofne epdboarctk ,6 4r1e0po
rOtn lay  bluogc,a olr  csoungngeecstti onnse w afreea taulrloews, epdle.as
eP lveisaiste  shettep sh:t//tgpist:h/u/bc.hcroomme/Mdircivreors.ocftEdge/EhdgreoWmeibuDmr.iovregr
/
sOencluyr iltoyc-alcons icdoernanteicotnsi ofnos arr es ugaglleoswteidon.s
 Polneas eke see htetpipnsg: /Chr/oamkeaDr.misve/rW esbaDfriev.e
rSecurity for suggestions on keeping Microsoft Edge WebDriver safe.

ChromeDriver was started successfully on port 6410.
msedgedriver was started successfully on port 20742.
Feb 13, 2025 5:47:39 PM org.openqa.selenium.devtools.CdpVersionFinder findNearestMatch
WARNING: Unable to find CDP implementation matching 133
Feb 13, 2025 5:47:39 PM org.openqa.selenium.chromium.ChromiumDriver lambda$new$3
WARNING: Unable to find version of CDP to use for . You may need to include a dependency on a specific version of the CDP using something similar to `org.seleniumhq.selenium:selenium-devtools-v86:4.7.0` where the version ("v86") matches the version of the chromium-based browser you're using and the version number of the artifact is the same as Selenium's.
Feb 13, 2025 5:47:40 PM org.openqa.selenium.devtools.CdpVersionFinder findNearestMatch
WARNING: Unable to find CDP implementation matching 133
Feb 13, 2025 5:47:40 PM org.openqa.selenium.chromium.ChromiumDriver lambda$new$3
WARNING: Unable to find version of CDP to use for . You may need to include a dependency on a specific version of the CDP using something similar to `org.seleniumhq.selenium:selenium-devtools-v86:4.7.0` where the version ("v86") matches the version of the chromium-based browser you're using and the version number of the artifact is the same as Selenium's.
]]></system-err>
  </testcase>
  <testcase name="runScenario[&quot;Verify Video Feeds in the New &amp; Features section&quot;, &quot;Optional[Validate Video Feeds on CP Home Page]&quot;](1)" classname="com.java.runner.VideoFeedsRunner" time="116.884">
    <system-out><![CDATA[2025-02-13 17:49:35 [INFO] com.java.base.SetUp - Scrolled to videos section in Edge
2025-02-13 17:49:36 [INFO] com.java.base.SetUp - Videos section was displayed
2025-02-13 17:49:37 [INFO] com.java.base.SetUp - Total Video Feeds Displayed are 22 in Edge
2025-02-13 17:49:38 [INFO] com.java.base.SetUp - Total number of video feeds greater than 3 days are 0
]]></system-out>
    <system-err><![CDATA[&amp#27;[32m&amp#27;[1m┌───────────────────────────────────────────────────────────────────────────────────┐&amp#27;[0m
&amp#27;[32m&amp#27;[1m│&amp#27;[0m Share your Cucumber Report with your team at &amp#27;[36m&amp#27;[1m&amp#27;[4mhttps://reports.cucumber.io&amp#27;[0m          &amp#27;[32m&amp#27;[1m│&amp#27;[0m
&amp#27;[32m&amp#27;[1m│&amp#27;[0m Activate publishing with one of the following:                                    &amp#27;[32m&amp#27;[1m│&amp#27;[0m
&amp#27;[32m&amp#27;[1m│&amp#27;[0m                                                                                   &amp#27;[32m&amp#27;[1m│&amp#27;[0m
&amp#27;[32m&amp#27;[1m│&amp#27;[0m src/test/resources/cucumber.properties:          &amp#27;[36mcucumber.publish.enabled&amp#27;[0m=&amp#27;[36mtrue&amp#27;[0m    &amp#27;[32m&amp#27;[1m│&amp#27;[0m
&amp#27;[32m&amp#27;[1m│&amp#27;[0m src/test/resources/junit-platform.properties:    &amp#27;[36mcucumber.publish.enabled&amp#27;[0m=&amp#27;[36mtrue&amp#27;[0m    &amp#27;[32m&amp#27;[1m│&amp#27;[0m
&amp#27;[32m&amp#27;[1m│&amp#27;[0m Environment variable:                            &amp#27;[36mCUCUMBER_PUBLISH_ENABLED&amp#27;[0m=&amp#27;[36mtrue&amp#27;[0m    &amp#27;[32m&amp#27;[1m│&amp#27;[0m
&amp#27;[32m&amp#27;[1m│&amp#27;[0m JUnit:                                           &amp#27;[36m@CucumberOptions&amp#27;[0m(publish = &amp#27;[36mtrue&amp#27;[0m) &amp#27;[32m&amp#27;[1m│&amp#27;[0m
&amp#27;[32m&amp#27;[1m│&amp#27;[0m                                                                                   &amp#27;[32m&amp#27;[1m│&amp#27;[0m
&amp#27;[32m&amp#27;[1m│&amp#27;[0m More information at &amp#27;[36mhttps://cucumber.io/docs/cucumber/environment-variables/&amp#27;[0m      &amp#27;[32m&amp#27;[1m│&amp#27;[0m
&amp#27;[32m&amp#27;[1m│&amp#27;[0m                                                                                   &amp#27;[32m&amp#27;[1m│&amp#27;[0m
&amp#27;[32m&amp#27;[1m│&amp#27;[0m Disable this message with one of the following:                                   &amp#27;[32m&amp#27;[1m│&amp#27;[0m
&amp#27;[32m&amp#27;[1m│&amp#27;[0m                                                                                   &amp#27;[32m&amp#27;[1m│&amp#27;[0m
&amp#27;[32m&amp#27;[1m│&amp#27;[0m src/test/resources/cucumber.properties:          &amp#27;[36mcucumber.publish.quiet&amp#27;[0m=&amp#27;[36mtrue&amp#27;[0m      &amp#27;[32m&amp#27;[1m│&amp#27;[0m
&amp#27;[32m&amp#27;[1m│&amp#27;[0m src/test/resources/junit-platform.properties:    &amp#27;[36mcucumber.publish.quiet&amp#27;[0m=&amp#27;[36mtrue&amp#27;[0m      &amp#27;[32m&amp#27;[1m│&amp#27;[0m
&amp#27;[32m&amp#27;[1m└───────────────────────────────────────────────────────────────────────────────────┘&amp#27;[0m
]]></system-err>
  </testcase>
</testsuite>