<?xml version="1.0" encoding="UTF-8"?>
<testng-results ignored="0" total="2" passed="2" failed="0" skipped="0">
  <reporter-output>
  </reporter-output>
  <suite started-at="2025-02-13T17:47:32 IST" name="Suite" finished-at="2025-02-13T17:49:39 IST" duration-ms="126816">
    <groups>
      <group name="cucumber">
        <method signature="AbstractTestNGCucumberTests.runScenario(io.cucumber.testng.PickleWrapper,io.cucumber.testng.FeatureWrapper)[pri:0, instance:com.java.runner.VideoFeedsRunner@3e694b3f]" name="runScenario" class="io.cucumber.testng.AbstractTestNGCucumberTests"/>
        <method signature="AbstractTestNGCucumberTests.runScenario(io.cucumber.testng.PickleWrapper,io.cucumber.testng.FeatureWrapper)[pri:0, instance:com.java.runner.VideoFeedsRunner@33d512c1]" name="runScenario" class="io.cucumber.testng.AbstractTestNGCucumberTests"/>
      </group> <!-- cucumber -->
    </groups>
    <test started-at="2025-02-13T17:47:32 IST" name="Derived Product 1 Tests in Chrome" finished-at="2025-02-13T17:49:34 IST" duration-ms="121587">
      <class name="com.java.runner.VideoFeedsRunner">
        <test-method is-config="true" signature="setup(java.lang.String)[pri:0, instance:com.java.runner.VideoFeedsRunner@3e694b3f]" started-at="2025-02-13T17:47:32 IST" name="setup" finished-at="2025-02-13T17:47:41 IST" duration-ms="9027" status="PASS">
          <params>
            <param index="0">
              <value>
                <![CDATA[Chrome]]>
              </value>
            </param>
          </params>
          <reporter-output>
          </reporter-output>
        </test-method> <!-- setup -->
        <test-method is-config="true" signature="setUpClass(org.testng.ITestContext)[pri:0, instance:com.java.runner.VideoFeedsRunner@3e694b3f]" started-at="2025-02-13T17:47:41 IST" name="setUpClass" finished-at="2025-02-13T17:47:42 IST" duration-ms="826" status="PASS">
          <params>
            <param index="0">
              <value>
                <![CDATA[org.testng.TestRunner@36d585c]]>
              </value>
            </param>
          </params>
          <reporter-output>
          </reporter-output>
        </test-method> <!-- setUpClass -->
        <test-method is-config="true" signature="setCucumberTags(java.lang.String)[pri:0, instance:com.java.runner.VideoFeedsRunner@3e694b3f]" started-at="2025-02-13T17:47:42 IST" name="setCucumberTags" finished-at="2025-02-13T17:47:42 IST" duration-ms="3" status="PASS">
          <params>
            <param index="0">
              <value>
                <![CDATA[@DP1]]>
              </value>
            </param>
          </params>
          <reporter-output>
          </reporter-output>
        </test-method> <!-- setCucumberTags -->
        <test-method signature="runScenario(io.cucumber.testng.PickleWrapper,io.cucumber.testng.FeatureWrapper)[pri:0, instance:com.java.runner.VideoFeedsRunner@3e694b3f]" started-at="2025-02-13T17:47:42 IST" name="runScenario" description="Runs Cucumber Scenarios" data-provider="scenarios" finished-at="2025-02-13T17:49:33 IST" duration-ms="111320" status="PASS">
          <params>
            <param index="0">
              <value>
                <![CDATA["Verify Video Feeds in the New & Features section"]]>
              </value>
            </param>
            <param index="1">
              <value>
                <![CDATA["Optional[Validate Video Feeds on CP Home Page]"]]>
              </value>
            </param>
          </params>
          <reporter-output>
          </reporter-output>
        </test-method> <!-- runScenario -->
        <test-method is-config="true" signature="tearDownClass()[pri:0, instance:com.java.runner.VideoFeedsRunner@3e694b3f]" started-at="2025-02-13T17:49:33 IST" name="tearDownClass" finished-at="2025-02-13T17:49:33 IST" duration-ms="232" status="PASS">
          <reporter-output>
          </reporter-output>
        </test-method> <!-- tearDownClass -->
      </class> <!-- com.java.runner.VideoFeedsRunner -->
    </test> <!-- Derived Product 1 Tests in Chrome -->
    <test started-at="2025-02-13T17:47:32 IST" name="Derived Product 1 Tests in Edge" finished-at="2025-02-13T17:49:39 IST" duration-ms="126596">
      <class name="com.java.runner.VideoFeedsRunner">
        <test-method is-config="true" signature="setup(java.lang.String)[pri:0, instance:com.java.runner.VideoFeedsRunner@33d512c1]" started-at="2025-02-13T17:47:32 IST" name="setup" finished-at="2025-02-13T17:47:41 IST" duration-ms="8821" status="PASS">
          <params>
            <param index="0">
              <value>
                <![CDATA[Edge]]>
              </value>
            </param>
          </params>
          <reporter-output>
          </reporter-output>
        </test-method> <!-- setup -->
        <test-method is-config="true" signature="setUpClass(org.testng.ITestContext)[pri:0, instance:com.java.runner.VideoFeedsRunner@33d512c1]" started-at="2025-02-13T17:47:41 IST" name="setUpClass" finished-at="2025-02-13T17:47:42 IST" duration-ms="826" status="PASS">
          <params>
            <param index="0">
              <value>
                <![CDATA[org.testng.TestRunner@87a85e1]]>
              </value>
            </param>
          </params>
          <reporter-output>
          </reporter-output>
        </test-method> <!-- setUpClass -->
        <test-method is-config="true" signature="setCucumberTags(java.lang.String)[pri:0, instance:com.java.runner.VideoFeedsRunner@33d512c1]" started-at="2025-02-13T17:47:42 IST" name="setCucumberTags" finished-at="2025-02-13T17:47:42 IST" duration-ms="3" status="PASS">
          <params>
            <param index="0">
              <value>
                <![CDATA[@DP1]]>
              </value>
            </param>
          </params>
          <reporter-output>
          </reporter-output>
        </test-method> <!-- setCucumberTags -->
        <test-method signature="runScenario(io.cucumber.testng.PickleWrapper,io.cucumber.testng.FeatureWrapper)[pri:0, instance:com.java.runner.VideoFeedsRunner@33d512c1]" started-at="2025-02-13T17:47:42 IST" name="runScenario" description="Runs Cucumber Scenarios" data-provider="scenarios" finished-at="2025-02-13T17:49:39 IST" duration-ms="116888" status="PASS">
          <params>
            <param index="0">
              <value>
                <![CDATA["Verify Video Feeds in the New & Features section"]]>
              </value>
            </param>
            <param index="1">
              <value>
                <![CDATA["Optional[Validate Video Feeds on CP Home Page]"]]>
              </value>
            </param>
          </params>
          <reporter-output>
          </reporter-output>
        </test-method> <!-- runScenario -->
        <test-method is-config="true" signature="tearDownClass()[pri:0, instance:com.java.runner.VideoFeedsRunner@33d512c1]" started-at="2025-02-13T17:49:39 IST" name="tearDownClass" finished-at="2025-02-13T17:49:39 IST" duration-ms="4" status="PASS">
          <reporter-output>
          </reporter-output>
        </test-method> <!-- tearDownClass -->
      </class> <!-- com.java.runner.VideoFeedsRunner -->
      <class name="com.java.base.SetUp">
        <test-method is-config="true" signature="initalizeFiles()[pri:0, instance:com.java.base.SetUp@384ad17b]" started-at="2025-02-13T17:47:32 IST" name="initalizeFiles" finished-at="2025-02-13T17:47:32 IST" duration-ms="112" status="PASS">
          <reporter-output>
          </reporter-output>
        </test-method> <!-- initalizeFiles -->
        <test-method is-config="true" signature="quitDriver()[pri:0, instance:com.java.base.SetUp@384ad17b]" started-at="2025-02-13T17:49:40 IST" name="quitDriver" finished-at="2025-02-13T17:49:40 IST" duration-ms="4" status="PASS">
          <reporter-output>
          </reporter-output>
        </test-method> <!-- quitDriver -->
      </class> <!-- com.java.base.SetUp -->
    </test> <!-- Derived Product 1 Tests in Edge -->
  </suite> <!-- Suite -->
</testng-results>
