<?xml version="1.0" encoding="UTF-8"?>
<testng-results ignored="0" total="2" passed="2" failed="0" skipped="0">
  <reporter-output>
  </reporter-output>
  <suite started-at="2025-03-01T23:31:10 IST" name="Suite" finished-at="2025-03-01T23:32:09 IST" duration-ms="58331">
    <groups>
      <group name="cucumber">
        <method signature="AbstractTestNGCucumberTests.runScenario(io.cucumber.testng.PickleWrapper,io.cucumber.testng.FeatureWrapper)[pri:0, instance:com.java.runner.FootersRunner@815b41f]" name="runScenario" class="io.cucumber.testng.AbstractTestNGCucumberTests"/>
        <method signature="AbstractTestNGCucumberTests.runScenario(io.cucumber.testng.PickleWrapper,io.cucumber.testng.FeatureWrapper)[pri:0, instance:com.java.runner.FootersRunner@7a8c8dcf]" name="runScenario" class="io.cucumber.testng.AbstractTestNGCucumberTests"/>
      </group> <!-- cucumber -->
    </groups>
    <test started-at="2025-03-01T23:31:10 IST" name="Derived Product Tests in Chrome" finished-at="2025-03-01T23:32:09 IST" duration-ms="58331">
      <class name="com.java.runner.FootersRunner">
        <test-method is-config="true" signature="setup(java.lang.String)[pri:0, instance:com.java.runner.FootersRunner@815b41f]" started-at="2025-03-01T23:31:10 IST" name="setup" finished-at="2025-03-01T23:31:22 IST" duration-ms="11393" status="PASS">
          <params>
            <param index="0">
              <value>
                <![CDATA[Chrome]]>
              </value>
            </param>
          </params>
          <reporter-output>
          </reporter-output>
        </test-method> <!-- setup -->
        <test-method is-config="true" signature="setUpClass(org.testng.ITestContext)[pri:0, instance:com.java.runner.FootersRunner@815b41f]" started-at="2025-03-01T23:31:22 IST" name="setUpClass" finished-at="2025-03-01T23:31:24 IST" duration-ms="2419" status="PASS">
          <params>
            <param index="0">
              <value>
                <![CDATA[org.testng.TestRunner@45385f75]]>
              </value>
            </param>
          </params>
          <reporter-output>
          </reporter-output>
        </test-method> <!-- setUpClass -->
        <test-method is-config="true" signature="setCucumberTags(java.lang.String)[pri:0, instance:com.java.runner.FootersRunner@815b41f]" started-at="2025-03-01T23:31:24 IST" name="setCucumberTags" finished-at="2025-03-01T23:31:24 IST" duration-ms="6" status="PASS">
          <params>
            <param index="0">
              <value>
                <![CDATA[@DP2]]>
              </value>
            </param>
          </params>
          <reporter-output>
          </reporter-output>
        </test-method> <!-- setCucumberTags -->
        <test-method signature="runScenario(io.cucumber.testng.PickleWrapper,io.cucumber.testng.FeatureWrapper)[pri:0, instance:com.java.runner.FootersRunner@815b41f]" started-at="2025-03-01T23:31:24 IST" name="runScenario" description="Runs Cucumber Scenarios" data-provider="scenarios" finished-at="2025-03-01T23:32:08 IST" duration-ms="44037" status="PASS">
          <params>
            <param index="0">
              <value>
                <![CDATA["Verify hyperlinks in the footer and check for duplicates"]]>
              </value>
            </param>
            <param index="1">
              <value>
                <![CDATA["Optional[Footer Links Verification]"]]>
              </value>
            </param>
          </params>
          <reporter-output>
          </reporter-output>
        </test-method> <!-- runScenario -->
        <test-method is-config="true" signature="tearDownClass()[pri:0, instance:com.java.runner.FootersRunner@815b41f]" started-at="2025-03-01T23:32:08 IST" name="tearDownClass" finished-at="2025-03-01T23:32:09 IST" duration-ms="310" status="PASS">
          <reporter-output>
          </reporter-output>
        </test-method> <!-- tearDownClass -->
      </class> <!-- com.java.runner.FootersRunner -->
    </test> <!-- Derived Product Tests in Chrome -->
    <test started-at="2025-03-01T23:31:10 IST" name="Derived Product Tests in Edge" finished-at="2025-03-01T23:32:09 IST" duration-ms="58330">
      <class name="com.java.runner.FootersRunner">
        <test-method is-config="true" signature="initalizeFiles()[pri:0, instance:com.java.runner.FootersRunner@7a8c8dcf]" started-at="2025-03-01T23:31:10 IST" name="initalizeFiles" finished-at="2025-03-01T23:31:10 IST" duration-ms="717" status="PASS">
          <reporter-output>
          </reporter-output>
        </test-method> <!-- initalizeFiles -->
        <test-method is-config="true" signature="setup(java.lang.String)[pri:0, instance:com.java.runner.FootersRunner@7a8c8dcf]" started-at="2025-03-01T23:31:10 IST" name="setup" finished-at="2025-03-01T23:31:22 IST" duration-ms="11303" status="PASS">
          <params>
            <param index="0">
              <value>
                <![CDATA[Edge]]>
              </value>
            </param>
          </params>
          <reporter-output>
          </reporter-output>
        </test-method> <!-- setup -->
        <test-method is-config="true" signature="setUpClass(org.testng.ITestContext)[pri:0, instance:com.java.runner.FootersRunner@7a8c8dcf]" started-at="2025-03-01T23:31:22 IST" name="setUpClass" finished-at="2025-03-01T23:31:24 IST" duration-ms="2449" status="PASS">
          <params>
            <param index="0">
              <value>
                <![CDATA[org.testng.TestRunner@1c9b0314]]>
              </value>
            </param>
          </params>
          <reporter-output>
          </reporter-output>
        </test-method> <!-- setUpClass -->
        <test-method is-config="true" signature="setCucumberTags(java.lang.String)[pri:0, instance:com.java.runner.FootersRunner@7a8c8dcf]" started-at="2025-03-01T23:31:24 IST" name="setCucumberTags" finished-at="2025-03-01T23:31:24 IST" duration-ms="4" status="PASS">
          <params>
            <param index="0">
              <value>
                <![CDATA[@DP2]]>
              </value>
            </param>
          </params>
          <reporter-output>
          </reporter-output>
        </test-method> <!-- setCucumberTags -->
        <test-method signature="runScenario(io.cucumber.testng.PickleWrapper,io.cucumber.testng.FeatureWrapper)[pri:0, instance:com.java.runner.FootersRunner@7a8c8dcf]" started-at="2025-03-01T23:31:24 IST" name="runScenario" description="Runs Cucumber Scenarios" data-provider="scenarios" finished-at="2025-03-01T23:32:08 IST" duration-ms="44037" status="PASS">
          <params>
            <param index="0">
              <value>
                <![CDATA["Verify hyperlinks in the footer and check for duplicates"]]>
              </value>
            </param>
            <param index="1">
              <value>
                <![CDATA["Optional[Footer Links Verification]"]]>
              </value>
            </param>
          </params>
          <reporter-output>
          </reporter-output>
        </test-method> <!-- runScenario -->
        <test-method is-config="true" signature="tearDownClass()[pri:0, instance:com.java.runner.FootersRunner@7a8c8dcf]" started-at="2025-03-01T23:32:08 IST" name="tearDownClass" finished-at="2025-03-01T23:32:09 IST" duration-ms="300" status="PASS">
          <reporter-output>
          </reporter-output>
        </test-method> <!-- tearDownClass -->
        <test-method is-config="true" signature="quitDriver()[pri:0, instance:com.java.runner.FootersRunner@7a8c8dcf]" started-at="2025-03-01T23:32:11 IST" name="quitDriver" finished-at="2025-03-01T23:32:11 IST" duration-ms="4" status="FAIL">
          <exception class="java.lang.RuntimeException">
            <message>
              <![CDATA[❌ Cucumber.json file is missing or empty! Run the tests again.]]>
            </message>
            <full-stacktrace>
              <![CDATA[java.lang.RuntimeException: ❌ Cucumber.json file is missing or empty! Run the tests again.
at com.java.reports.CucumberReportGenerator.generateReport(CucumberReportGenerator.java:15)
at com.java.runner.FootersRunner.quitDriver(FootersRunner.java:62)
at java.base/jdk.internal.reflect.DirectMethodHandleAccessor.invoke(DirectMethodHandleAccessor.java:103)
at java.base/java.lang.reflect.Method.invoke(Method.java:580)
at org.testng.internal.MethodInvocationHelper.invokeMethod(MethodInvocationHelper.java:133)
at org.testng.internal.MethodInvocationHelper.invokeMethodConsideringTimeout(MethodInvocationHelper.java:62)
at org.testng.internal.ConfigInvoker.invokeConfigurationMethod(ConfigInvoker.java:385)
at org.testng.internal.ConfigInvoker.invokeConfigurations(ConfigInvoker.java:321)
at org.testng.SuiteRunner.privateRun(SuiteRunner.java:344)
at org.testng.SuiteRunner.run(SuiteRunner.java:276)
at org.testng.SuiteRunnerWorker.runSuite(SuiteRunnerWorker.java:53)
at org.testng.SuiteRunnerWorker.run(SuiteRunnerWorker.java:96)
at org.testng.TestNG.runSuitesSequentially(TestNG.java:1212)
at org.testng.TestNG.runSuitesLocally(TestNG.java:1134)
at org.testng.TestNG.runSuites(TestNG.java:1063)
at org.testng.TestNG.run(TestNG.java:1031)
at org.testng.remote.AbstractRemoteTestNG.run(AbstractRemoteTestNG.java:115)
at org.testng.remote.RemoteTestNG.initAndRun(RemoteTestNG.java:293)
at org.testng.remote.RemoteTestNG.main(RemoteTestNG.java:91)
]]>
            </full-stacktrace>
          </exception> <!-- java.lang.RuntimeException -->
          <reporter-output>
          </reporter-output>
        </test-method> <!-- quitDriver -->
      </class> <!-- com.java.runner.FootersRunner -->
    </test> <!-- Derived Product Tests in Edge -->
  </suite> <!-- Suite -->
</testng-results>
