<?xml version="1.0" encoding="UTF-8"?>
<testng-results ignored="0" total="2" passed="2" failed="0" skipped="0">
  <reporter-output>
  </reporter-output>
  <suite started-at="2025-03-01T19:00:20 IST" name="Suite" finished-at="2025-03-01T19:01:32 IST" duration-ms="72192">
    <groups>
      <group name="cucumber">
        <method signature="AbstractTestNGCucumberTests.runScenario(io.cucumber.testng.PickleWrapper,io.cucumber.testng.FeatureWrapper)[pri:0, instance:com.java.runner.FootersRunner@36ebc363]" name="runScenario" class="io.cucumber.testng.AbstractTestNGCucumberTests"/>
        <method signature="AbstractTestNGCucumberTests.runScenario(io.cucumber.testng.PickleWrapper,io.cucumber.testng.FeatureWrapper)[pri:0, instance:com.java.runner.FootersRunner@3c9754d8]" name="runScenario" class="io.cucumber.testng.AbstractTestNGCucumberTests"/>
      </group> <!-- cucumber -->
    </groups>
    <test started-at="2025-03-01T19:00:20 IST" name="Derived Product Tests in Chrome" finished-at="2025-03-01T19:01:32 IST" duration-ms="72190">
      <class name="com.java.runner.FootersRunner">
        <test-method is-config="true" signature="setup(java.lang.String)[pri:0, instance:com.java.runner.FootersRunner@36ebc363]" started-at="2025-03-01T19:00:20 IST" name="setup" finished-at="2025-03-01T19:00:30 IST" duration-ms="10067" status="PASS">
          <params>
            <param index="0">
              <value>
                <![CDATA[Chrome]]>
              </value>
            </param>
          </params>
          <reporter-output>
          </reporter-output>
        </test-method> <!-- setup -->
        <test-method is-config="true" signature="setUpClass(org.testng.ITestContext)[pri:0, instance:com.java.runner.FootersRunner@36ebc363]" started-at="2025-03-01T19:00:30 IST" name="setUpClass" finished-at="2025-03-01T19:00:32 IST" duration-ms="1084" status="PASS">
          <params>
            <param index="0">
              <value>
                <![CDATA[org.testng.TestRunner@28cda624]]>
              </value>
            </param>
          </params>
          <reporter-output>
          </reporter-output>
        </test-method> <!-- setUpClass -->
        <test-method is-config="true" signature="setCucumberTags(java.lang.String)[pri:0, instance:com.java.runner.FootersRunner@36ebc363]" started-at="2025-03-01T19:00:32 IST" name="setCucumberTags" finished-at="2025-03-01T19:00:32 IST" duration-ms="2" status="PASS">
          <params>
            <param index="0">
              <value>
                <![CDATA[@DP2]]>
              </value>
            </param>
          </params>
          <reporter-output>
          </reporter-output>
        </test-method> <!-- setCucumberTags -->
        <test-method signature="runScenario(io.cucumber.testng.PickleWrapper,io.cucumber.testng.FeatureWrapper)[pri:0, instance:com.java.runner.FootersRunner@36ebc363]" started-at="2025-03-01T19:00:32 IST" name="runScenario" description="Runs Cucumber Scenarios" data-provider="scenarios" finished-at="2025-03-01T19:01:32 IST" duration-ms="60803" status="PASS">
          <params>
            <param index="0">
              <value>
                <![CDATA["Verify hyperlinks in the footer and check for duplicates"]]>
              </value>
            </param>
            <param index="1">
              <value>
                <![CDATA["Optional[Footer Links Verification]"]]>
              </value>
            </param>
          </params>
          <reporter-output>
          </reporter-output>
        </test-method> <!-- runScenario -->
        <test-method is-config="true" signature="tearDownClass()[pri:0, instance:com.java.runner.FootersRunner@36ebc363]" started-at="2025-03-01T19:01:32 IST" name="tearDownClass" finished-at="2025-03-01T19:01:32 IST" duration-ms="10" status="PASS">
          <reporter-output>
          </reporter-output>
        </test-method> <!-- tearDownClass -->
      </class> <!-- com.java.runner.FootersRunner -->
    </test> <!-- Derived Product Tests in Chrome -->
    <test started-at="2025-03-01T19:00:20 IST" name="Derived Product Tests in Edge" finished-at="2025-03-01T19:01:32 IST" duration-ms="72112">
      <class name="com.java.runner.FootersRunner">
        <test-method is-config="true" signature="initalizeFiles()[pri:0, instance:com.java.runner.FootersRunner@3c9754d8]" started-at="2025-03-01T19:00:19 IST" name="initalizeFiles" finished-at="2025-03-01T19:00:20 IST" duration-ms="904" status="PASS">
          <reporter-output>
          </reporter-output>
        </test-method> <!-- initalizeFiles -->
        <test-method is-config="true" signature="setup(java.lang.String)[pri:0, instance:com.java.runner.FootersRunner@3c9754d8]" started-at="2025-03-01T19:00:20 IST" name="setup" finished-at="2025-03-01T19:00:30 IST" duration-ms="10234" status="PASS">
          <params>
            <param index="0">
              <value>
                <![CDATA[Edge]]>
              </value>
            </param>
          </params>
          <reporter-output>
          </reporter-output>
        </test-method> <!-- setup -->
        <test-method is-config="true" signature="setUpClass(org.testng.ITestContext)[pri:0, instance:com.java.runner.FootersRunner@3c9754d8]" started-at="2025-03-01T19:00:30 IST" name="setUpClass" finished-at="2025-03-01T19:00:31 IST" duration-ms="1057" status="PASS">
          <params>
            <param index="0">
              <value>
                <![CDATA[org.testng.TestRunner@1500b2f3]]>
              </value>
            </param>
          </params>
          <reporter-output>
          </reporter-output>
        </test-method> <!-- setUpClass -->
        <test-method is-config="true" signature="setCucumberTags(java.lang.String)[pri:0, instance:com.java.runner.FootersRunner@3c9754d8]" started-at="2025-03-01T19:00:31 IST" name="setCucumberTags" finished-at="2025-03-01T19:00:31 IST" duration-ms="3" status="PASS">
          <params>
            <param index="0">
              <value>
                <![CDATA[@DP2]]>
              </value>
            </param>
          </params>
          <reporter-output>
          </reporter-output>
        </test-method> <!-- setCucumberTags -->
        <test-method signature="runScenario(io.cucumber.testng.PickleWrapper,io.cucumber.testng.FeatureWrapper)[pri:0, instance:com.java.runner.FootersRunner@3c9754d8]" started-at="2025-03-01T19:00:32 IST" name="runScenario" description="Runs Cucumber Scenarios" data-provider="scenarios" finished-at="2025-03-01T19:01:32 IST" duration-ms="60657" status="PASS">
          <params>
            <param index="0">
              <value>
                <![CDATA["Verify hyperlinks in the footer and check for duplicates"]]>
              </value>
            </param>
            <param index="1">
              <value>
                <![CDATA["Optional[Footer Links Verification]"]]>
              </value>
            </param>
          </params>
          <reporter-output>
          </reporter-output>
        </test-method> <!-- runScenario -->
        <test-method is-config="true" signature="tearDownClass()[pri:0, instance:com.java.runner.FootersRunner@3c9754d8]" started-at="2025-03-01T19:01:32 IST" name="tearDownClass" finished-at="2025-03-01T19:01:32 IST" duration-ms="48" status="PASS">
          <reporter-output>
          </reporter-output>
        </test-method> <!-- tearDownClass -->
        <test-method is-config="true" signature="quitDriver()[pri:0, instance:com.java.runner.FootersRunner@3c9754d8]" started-at="2025-03-01T19:01:35 IST" name="quitDriver" finished-at="2025-03-01T19:01:35 IST" duration-ms="1" status="PASS">
          <reporter-output>
          </reporter-output>
        </test-method> <!-- quitDriver -->
      </class> <!-- com.java.runner.FootersRunner -->
    </test> <!-- Derived Product Tests in Edge -->
  </suite> <!-- Suite -->
</testng-results>
