<?xml version="1.0" encoding="UTF-8"?>
<!-- Generated by org.testng.reporters.JUnitXMLReporter -->
<testsuite ignored="0" hostname="DESKTOP-R0RLALP" failures="2" tests="2" name="Derived Product Tests in Edge" time="20.812" errors="0" timestamp="2025-03-02T17:03:25 IST">
  <testcase classname="io.cucumber.testng.AbstractTestNGCucumberTests" name="runScenario" time="6.917">
    <failure type="java.lang.AssertionError" message="expected [true] but found [false]">
      <![CDATA[java.lang.AssertionError: expected [true] but found [false]
at com.java.stepDefinition.Footers.i_am_on_dp2_home_page(Footers.java:27)
at ✽.I am on DP2 home page with title "Bulls - The official site of the NBA for the latest NBA Scores"(file:///C:/Users/Admin/Downloads/MyProject/Multi-Module-Maven-Project/TestAutomation/derived-product-tests2/src/test/java/com/java/features/Footers.feature:7)
... Removed 4 stack frames]]>
    </failure>
  </testcase> <!-- runScenario -->
  <testcase classname="io.cucumber.testng.AbstractTestNGCucumberTests" name="runScenario" time="7.064">
    <failure type="java.lang.IllegalArgumentException" message="ScreenCapture&amp;apos;s base64 string must not be null or empty">
      <![CDATA[java.lang.IllegalArgumentException: ScreenCapture's base64 string must not be null or empty
at com.aventstack.extentreports.util.Assert.notEmpty(Assert.java:12)
at com.aventstack.extentreports.MediaEntityBuilder.createScreenCaptureFromBase64String(MediaEntityBuilder.java:44)
at com.aventstack.extentreports.MediaEntityBuilder.createScreenCaptureFromBase64String(MediaEntityBuilder.java:52)
at com.java.reports.ExtentReportsGenerator.reportTestFailure(ExtentReportsGenerator.java:55)
at com.java.reports.ExtentListener.onTestFailure(ExtentListener.java:20)
at java.base/java.util.ArrayList.forEach(ArrayList.java:1596)
at java.base/java.util.concurrent.FutureTask.run(FutureTask.java:317)
at java.base/java.util.concurrent.ThreadPoolExecutor.runWorker(ThreadPoolExecutor.java:1144)
at java.base/java.util.concurrent.ThreadPoolExecutor$Worker.run(ThreadPoolExecutor.java:642)
at java.base/java.lang.Thread.run(Thread.java:1583)
... Removed 15 stack frames]]>
    </failure>
  </testcase> <!-- runScenario -->
</testsuite> <!-- Derived Product Tests in Edge -->
