<?xml version="1.0" encoding="UTF-8"?>
<testng-results ignored="0" total="2" passed="2" failed="0" skipped="0">
  <reporter-output>
  </reporter-output>
  <suite started-at="2025-03-02T16:38:27 IST" name="Suite" finished-at="2025-03-02T16:40:59 IST" duration-ms="152386">
    <groups>
      <group name="cucumber">
        <method signature="AbstractTestNGCucumberTests.runScenario(io.cucumber.testng.PickleWrapper,io.cucumber.testng.FeatureWrapper)[pri:0, instance:com.java.runner.VideoFeedsRunner@3cd3e762]" name="runScenario" class="io.cucumber.testng.AbstractTestNGCucumberTests"/>
        <method signature="AbstractTestNGCucumberTests.runScenario(io.cucumber.testng.PickleWrapper,io.cucumber.testng.FeatureWrapper)[pri:0, instance:com.java.runner.VideoFeedsRunner@38afe297]" name="runScenario" class="io.cucumber.testng.AbstractTestNGCucumberTests"/>
      </group> <!-- cucumber -->
    </groups>
    <test started-at="2025-03-02T16:38:27 IST" name="Core Product Tests in Chrome" finished-at="2025-03-02T16:40:54 IST" duration-ms="146915">
      <class name="com.java.runner.VideoFeedsRunner">
        <test-method is-config="true" signature="setup(java.lang.String)[pri:0, instance:com.java.runner.VideoFeedsRunner@3cd3e762]" started-at="2025-03-02T16:38:27 IST" name="setup" finished-at="2025-03-02T16:38:37 IST" duration-ms="9724" status="PASS">
          <params>
            <param index="0">
              <value>
                <![CDATA[Chrome]]>
              </value>
            </param>
          </params>
          <reporter-output>
          </reporter-output>
        </test-method> <!-- setup -->
        <test-method is-config="true" signature="setUpClass(org.testng.ITestContext)[pri:0, instance:com.java.runner.VideoFeedsRunner@3cd3e762]" started-at="2025-03-02T16:38:37 IST" name="setUpClass" finished-at="2025-03-02T16:38:37 IST" duration-ms="784" status="PASS">
          <params>
            <param index="0">
              <value>
                <![CDATA[org.testng.TestRunner@2e9fda69]]>
              </value>
            </param>
          </params>
          <reporter-output>
          </reporter-output>
        </test-method> <!-- setUpClass -->
        <test-method is-config="true" signature="setCucumberTags(java.lang.String)[pri:0, instance:com.java.runner.VideoFeedsRunner@3cd3e762]" started-at="2025-03-02T16:38:37 IST" name="setCucumberTags" finished-at="2025-03-02T16:38:37 IST" duration-ms="2" status="PASS">
          <params>
            <param index="0">
              <value>
                <![CDATA[@CP2]]>
              </value>
            </param>
          </params>
          <reporter-output>
          </reporter-output>
        </test-method> <!-- setCucumberTags -->
        <test-method signature="runScenario(io.cucumber.testng.PickleWrapper,io.cucumber.testng.FeatureWrapper)[pri:0, instance:com.java.runner.VideoFeedsRunner@3cd3e762]" started-at="2025-03-02T16:38:37 IST" name="runScenario" description="Runs Cucumber Scenarios" data-provider="scenarios" finished-at="2025-03-02T16:40:49 IST" duration-ms="131793" status="PASS">
          <params>
            <param index="0">
              <value>
                <![CDATA["Verify Video Feeds in the New & Features section"]]>
              </value>
            </param>
            <param index="1">
              <value>
                <![CDATA["Validate Video Feeds on CP Home Page"]]>
              </value>
            </param>
          </params>
          <reporter-output>
          </reporter-output>
        </test-method> <!-- runScenario -->
        <test-method is-config="true" signature="tearDownClass()[pri:0, instance:com.java.runner.VideoFeedsRunner@3cd3e762]" started-at="2025-03-02T16:40:49 IST" name="tearDownClass" finished-at="2025-03-02T16:40:54 IST" duration-ms="4461" status="PASS">
          <reporter-output>
          </reporter-output>
        </test-method> <!-- tearDownClass -->
      </class> <!-- com.java.runner.VideoFeedsRunner -->
    </test> <!-- Core Product Tests in Chrome -->
    <test started-at="2025-03-02T16:38:27 IST" name="Core Product Tests in Edge" finished-at="2025-03-02T16:40:59 IST" duration-ms="152386">
      <class name="com.java.runner.VideoFeedsRunner">
        <test-method is-config="true" signature="initalizeFiles()[pri:0, instance:com.java.runner.VideoFeedsRunner@38afe297]" started-at="2025-03-02T16:38:26 IST" name="initalizeFiles" finished-at="2025-03-02T16:38:27 IST" duration-ms="1221" status="PASS">
          <reporter-output>
          </reporter-output>
        </test-method> <!-- initalizeFiles -->
        <test-method is-config="true" signature="setup(java.lang.String)[pri:0, instance:com.java.runner.VideoFeedsRunner@38afe297]" started-at="2025-03-02T16:38:27 IST" name="setup" finished-at="2025-03-02T16:38:34 IST" duration-ms="7163" status="PASS">
          <params>
            <param index="0">
              <value>
                <![CDATA[Edge]]>
              </value>
            </param>
          </params>
          <reporter-output>
          </reporter-output>
        </test-method> <!-- setup -->
        <test-method is-config="true" signature="setUpClass(org.testng.ITestContext)[pri:0, instance:com.java.runner.VideoFeedsRunner@38afe297]" started-at="2025-03-02T16:38:34 IST" name="setUpClass" finished-at="2025-03-02T16:38:37 IST" duration-ms="3307" status="PASS">
          <params>
            <param index="0">
              <value>
                <![CDATA[org.testng.TestRunner@17cdf2d0]]>
              </value>
            </param>
          </params>
          <reporter-output>
          </reporter-output>
        </test-method> <!-- setUpClass -->
        <test-method is-config="true" signature="setCucumberTags(java.lang.String)[pri:0, instance:com.java.runner.VideoFeedsRunner@38afe297]" started-at="2025-03-02T16:38:37 IST" name="setCucumberTags" finished-at="2025-03-02T16:38:37 IST" duration-ms="2" status="PASS">
          <params>
            <param index="0">
              <value>
                <![CDATA[@CP2]]>
              </value>
            </param>
          </params>
          <reporter-output>
          </reporter-output>
        </test-method> <!-- setCucumberTags -->
        <test-method signature="runScenario(io.cucumber.testng.PickleWrapper,io.cucumber.testng.FeatureWrapper)[pri:0, instance:com.java.runner.VideoFeedsRunner@38afe297]" started-at="2025-03-02T16:38:37 IST" name="runScenario" description="Runs Cucumber Scenarios" data-provider="scenarios" finished-at="2025-03-02T16:40:59 IST" duration-ms="141695" status="PASS">
          <params>
            <param index="0">
              <value>
                <![CDATA["Verify Video Feeds in the New & Features section"]]>
              </value>
            </param>
            <param index="1">
              <value>
                <![CDATA["Validate Video Feeds on CP Home Page"]]>
              </value>
            </param>
          </params>
          <reporter-output>
          </reporter-output>
        </test-method> <!-- runScenario -->
        <test-method is-config="true" signature="tearDownClass()[pri:0, instance:com.java.runner.VideoFeedsRunner@38afe297]" started-at="2025-03-02T16:40:59 IST" name="tearDownClass" finished-at="2025-03-02T16:40:59 IST" duration-ms="108" status="PASS">
          <reporter-output>
          </reporter-output>
        </test-method> <!-- tearDownClass -->
        <test-method is-config="true" signature="quitDriver()[pri:0, instance:com.java.runner.VideoFeedsRunner@38afe297]" started-at="2025-03-02T16:41:00 IST" name="quitDriver" finished-at="2025-03-02T16:41:00 IST" duration-ms="1" status="PASS">
          <reporter-output>
          </reporter-output>
        </test-method> <!-- quitDriver -->
      </class> <!-- com.java.runner.VideoFeedsRunner -->
    </test> <!-- Core Product Tests in Edge -->
  </suite> <!-- Suite -->
</testng-results>
