<?xml version="1.0" encoding="UTF-8"?>
<testng-results ignored="0" total="2" passed="2" failed="0" skipped="0">
  <reporter-output>
  </reporter-output>
  <suite started-at="2025-02-12T23:33:32 IST" name="Suite" finished-at="2025-02-12T23:36:32 IST" duration-ms="179695">
    <groups>
      <group name="cucumber">
        <method signature="AbstractTestNGCucumberTests.runScenario(io.cucumber.testng.PickleWrapper,io.cucumber.testng.FeatureWrapper)[pri:0, instance:com.java.runner.VideoFeedsRunner@932bc4a]" name="runScenario" class="io.cucumber.testng.AbstractTestNGCucumberTests"/>
        <method signature="AbstractTestNGCucumberTests.runScenario(io.cucumber.testng.PickleWrapper,io.cucumber.testng.FeatureWrapper)[pri:0, instance:com.java.runner.VideoFeedsRunner@3514a4c0]" name="runScenario" class="io.cucumber.testng.AbstractTestNGCucumberTests"/>
      </group> <!-- cucumber -->
    </groups>
    <test started-at="2025-02-12T23:33:32 IST" name="Core Product Tests in Edge" finished-at="2025-02-12T23:36:29 IST" duration-ms="176679">
      <class name="com.java.runner.VideoFeedsRunner">
        <test-method is-config="true" signature="setup(java.lang.String)[pri:0, instance:com.java.runner.VideoFeedsRunner@3514a4c0]" started-at="2025-02-12T23:33:32 IST" name="setup" finished-at="2025-02-12T23:33:48 IST" duration-ms="16264" status="PASS">
          <params>
            <param index="0">
              <value>
                <![CDATA[Edge]]>
              </value>
            </param>
          </params>
          <reporter-output>
          </reporter-output>
        </test-method> <!-- setup -->
        <test-method is-config="true" signature="setUpClass(org.testng.ITestContext)[pri:0, instance:com.java.runner.VideoFeedsRunner@3514a4c0]" started-at="2025-02-12T23:33:48 IST" name="setUpClass" finished-at="2025-02-12T23:33:50 IST" duration-ms="1222" status="PASS">
          <params>
            <param index="0">
              <value>
                <![CDATA[org.testng.TestRunner@4d1bf319]]>
              </value>
            </param>
          </params>
          <reporter-output>
          </reporter-output>
        </test-method> <!-- setUpClass -->
        <test-method is-config="true" signature="setCucumberTags(java.lang.String)[pri:0, instance:com.java.runner.VideoFeedsRunner@3514a4c0]" started-at="2025-02-12T23:33:50 IST" name="setCucumberTags" finished-at="2025-02-12T23:33:50 IST" duration-ms="3" status="PASS">
          <params>
            <param index="0">
              <value>
                <![CDATA[@CP2]]>
              </value>
            </param>
          </params>
          <reporter-output>
          </reporter-output>
        </test-method> <!-- setCucumberTags -->
        <test-method signature="runScenario(io.cucumber.testng.PickleWrapper,io.cucumber.testng.FeatureWrapper)[pri:0, instance:com.java.runner.VideoFeedsRunner@3514a4c0]" started-at="2025-02-12T23:33:50 IST" name="runScenario" description="Runs Cucumber Scenarios" data-provider="scenarios" finished-at="2025-02-12T23:36:29 IST" duration-ms="158858" status="PASS">
          <params>
            <param index="0">
              <value>
                <![CDATA["Verify Video Feeds in the New & Features section"]]>
              </value>
            </param>
            <param index="1">
              <value>
                <![CDATA["Optional[Validate Video Feeds on CP Home Page]"]]>
              </value>
            </param>
          </params>
          <reporter-output>
          </reporter-output>
        </test-method> <!-- runScenario -->
        <test-method is-config="true" signature="tearDownClass()[pri:0, instance:com.java.runner.VideoFeedsRunner@3514a4c0]" started-at="2025-02-12T23:36:29 IST" name="tearDownClass" finished-at="2025-02-12T23:36:29 IST" duration-ms="54" status="PASS">
          <reporter-output>
          </reporter-output>
        </test-method> <!-- tearDownClass -->
      </class> <!-- com.java.runner.VideoFeedsRunner -->
      <class name="com.java.base.SetUp">
        <test-method is-config="true" signature="initalizeFiles()[pri:0, instance:com.java.base.SetUp@7a675056]" started-at="2025-02-12T23:33:31 IST" name="initalizeFiles" finished-at="2025-02-12T23:33:32 IST" duration-ms="395" status="PASS">
          <reporter-output>
          </reporter-output>
        </test-method> <!-- initalizeFiles -->
        <test-method is-config="true" signature="quitDriver()[pri:0, instance:com.java.base.SetUp@7a675056]" started-at="2025-02-12T23:36:34 IST" name="quitDriver" finished-at="2025-02-12T23:36:34 IST" duration-ms="4" status="PASS">
          <reporter-output>
          </reporter-output>
        </test-method> <!-- quitDriver -->
      </class> <!-- com.java.base.SetUp -->
    </test> <!-- Core Product Tests in Edge -->
    <test started-at="2025-02-12T23:33:32 IST" name="Core Product Tests in Chrome" finished-at="2025-02-12T23:36:32 IST" duration-ms="179695">
      <class name="com.java.runner.VideoFeedsRunner">
        <test-method is-config="true" signature="setup(java.lang.String)[pri:0, instance:com.java.runner.VideoFeedsRunner@932bc4a]" started-at="2025-02-12T23:33:32 IST" name="setup" finished-at="2025-02-12T23:33:48 IST" duration-ms="16403" status="PASS">
          <params>
            <param index="0">
              <value>
                <![CDATA[Chrome]]>
              </value>
            </param>
          </params>
          <reporter-output>
          </reporter-output>
        </test-method> <!-- setup -->
        <test-method is-config="true" signature="setUpClass(org.testng.ITestContext)[pri:0, instance:com.java.runner.VideoFeedsRunner@932bc4a]" started-at="2025-02-12T23:33:48 IST" name="setUpClass" finished-at="2025-02-12T23:33:50 IST" duration-ms="1222" status="PASS">
          <params>
            <param index="0">
              <value>
                <![CDATA[org.testng.TestRunner@6b695b06]]>
              </value>
            </param>
          </params>
          <reporter-output>
          </reporter-output>
        </test-method> <!-- setUpClass -->
        <test-method is-config="true" signature="setCucumberTags(java.lang.String)[pri:0, instance:com.java.runner.VideoFeedsRunner@932bc4a]" started-at="2025-02-12T23:33:50 IST" name="setCucumberTags" finished-at="2025-02-12T23:33:50 IST" duration-ms="6" status="PASS">
          <params>
            <param index="0">
              <value>
                <![CDATA[@CP2]]>
              </value>
            </param>
          </params>
          <reporter-output>
          </reporter-output>
        </test-method> <!-- setCucumberTags -->
        <test-method signature="runScenario(io.cucumber.testng.PickleWrapper,io.cucumber.testng.FeatureWrapper)[pri:0, instance:com.java.runner.VideoFeedsRunner@932bc4a]" started-at="2025-02-12T23:33:50 IST" name="runScenario" description="Runs Cucumber Scenarios" data-provider="scenarios" finished-at="2025-02-12T23:36:32 IST" duration-ms="161829" status="PASS">
          <params>
            <param index="0">
              <value>
                <![CDATA["Verify Video Feeds in the New & Features section"]]>
              </value>
            </param>
            <param index="1">
              <value>
                <![CDATA["Optional[Validate Video Feeds on CP Home Page]"]]>
              </value>
            </param>
          </params>
          <reporter-output>
          </reporter-output>
        </test-method> <!-- runScenario -->
        <test-method is-config="true" signature="tearDownClass()[pri:0, instance:com.java.runner.VideoFeedsRunner@932bc4a]" started-at="2025-02-12T23:36:32 IST" name="tearDownClass" finished-at="2025-02-12T23:36:32 IST" duration-ms="4" status="PASS">
          <reporter-output>
          </reporter-output>
        </test-method> <!-- tearDownClass -->
      </class> <!-- com.java.runner.VideoFeedsRunner -->
    </test> <!-- Core Product Tests in Chrome -->
  </suite> <!-- Suite -->
</testng-results>
