<?xml version="1.0" encoding="UTF-8"?>
<testng-results ignored="0" total="2" passed="2" failed="0" skipped="0">
  <reporter-output>
  </reporter-output>
  <suite started-at="2025-02-13T17:33:44 IST" name="Suite" finished-at="2025-02-13T17:35:47 IST" duration-ms="123108">
    <groups>
      <group name="cucumber">
        <method signature="AbstractTestNGCucumberTests.runScenario(io.cucumber.testng.PickleWrapper,io.cucumber.testng.FeatureWrapper)[pri:0, instance:com.java.runner.SlidesRunner@932bc4a]" name="runScenario" class="io.cucumber.testng.AbstractTestNGCucumberTests"/>
        <method signature="AbstractTestNGCucumberTests.runScenario(io.cucumber.testng.PickleWrapper,io.cucumber.testng.FeatureWrapper)[pri:0, instance:com.java.runner.SlidesRunner@3514a4c0]" name="runScenario" class="io.cucumber.testng.AbstractTestNGCucumberTests"/>
      </group> <!-- cucumber -->
    </groups>
    <test started-at="2025-02-13T17:33:44 IST" name="Derived Product 1 Tests in Edge" finished-at="2025-02-13T17:35:47 IST" duration-ms="123067">
      <class name="com.java.base.SetUp">
        <test-method is-config="true" signature="initalizeFiles()[pri:0, instance:com.java.base.SetUp@7a675056]" started-at="2025-02-13T17:33:43 IST" name="initalizeFiles" finished-at="2025-02-13T17:33:44 IST" duration-ms="216" status="PASS">
          <reporter-output>
          </reporter-output>
        </test-method> <!-- initalizeFiles -->
        <test-method is-config="true" signature="quitDriver()[pri:0, instance:com.java.base.SetUp@7a675056]" started-at="2025-02-13T17:35:54 IST" name="quitDriver" finished-at="2025-02-13T17:35:54 IST" duration-ms="3" status="PASS">
          <reporter-output>
          </reporter-output>
        </test-method> <!-- quitDriver -->
      </class> <!-- com.java.base.SetUp -->
      <class name="com.java.runner.SlidesRunner">
        <test-method is-config="true" signature="setup(java.lang.String)[pri:0, instance:com.java.runner.SlidesRunner@3514a4c0]" started-at="2025-02-13T17:33:44 IST" name="setup" finished-at="2025-02-13T17:33:53 IST" duration-ms="8853" status="PASS">
          <params>
            <param index="0">
              <value>
                <![CDATA[Edge]]>
              </value>
            </param>
          </params>
          <reporter-output>
          </reporter-output>
        </test-method> <!-- setup -->
        <test-method is-config="true" signature="setUpClass(org.testng.ITestContext)[pri:0, instance:com.java.runner.SlidesRunner@3514a4c0]" started-at="2025-02-13T17:33:53 IST" name="setUpClass" finished-at="2025-02-13T17:33:54 IST" duration-ms="1218" status="PASS">
          <params>
            <param index="0">
              <value>
                <![CDATA[org.testng.TestRunner@4d1bf319]]>
              </value>
            </param>
          </params>
          <reporter-output>
          </reporter-output>
        </test-method> <!-- setUpClass -->
        <test-method is-config="true" signature="setCucumberTags(java.lang.String)[pri:0, instance:com.java.runner.SlidesRunner@3514a4c0]" started-at="2025-02-13T17:33:54 IST" name="setCucumberTags" finished-at="2025-02-13T17:33:54 IST" duration-ms="2" status="PASS">
          <params>
            <param index="0">
              <value>
                <![CDATA[@DP1]]>
              </value>
            </param>
          </params>
          <reporter-output>
          </reporter-output>
        </test-method> <!-- setCucumberTags -->
        <test-method signature="runScenario(io.cucumber.testng.PickleWrapper,io.cucumber.testng.FeatureWrapper)[pri:0, instance:com.java.runner.SlidesRunner@3514a4c0]" started-at="2025-02-13T17:33:54 IST" name="runScenario" description="Runs Cucumber Scenarios" data-provider="scenarios" finished-at="2025-02-13T17:35:46 IST" duration-ms="112526" status="PASS">
          <params>
            <param index="0">
              <value>
                <![CDATA["Validate slide count, titles, and duration"]]>
              </value>
            </param>
            <param index="1">
              <value>
                <![CDATA["Optional[Validate Slides on DP1 Home Page]"]]>
              </value>
            </param>
          </params>
          <reporter-output>
          </reporter-output>
        </test-method> <!-- runScenario -->
        <test-method is-config="true" signature="tearDownClass()[pri:0, instance:com.java.runner.SlidesRunner@3514a4c0]" started-at="2025-02-13T17:35:46 IST" name="tearDownClass" finished-at="2025-02-13T17:35:47 IST" duration-ms="79" status="PASS">
          <reporter-output>
          </reporter-output>
        </test-method> <!-- tearDownClass -->
      </class> <!-- com.java.runner.SlidesRunner -->
    </test> <!-- Derived Product 1 Tests in Edge -->
    <test started-at="2025-02-13T17:33:44 IST" name="Derived Product 1 Tests in Chrome" finished-at="2025-02-13T17:35:47 IST" duration-ms="123108">
      <class name="com.java.runner.SlidesRunner">
        <test-method is-config="true" signature="setup(java.lang.String)[pri:0, instance:com.java.runner.SlidesRunner@932bc4a]" started-at="2025-02-13T17:33:44 IST" name="setup" finished-at="2025-02-13T17:33:53 IST" duration-ms="8864" status="PASS">
          <params>
            <param index="0">
              <value>
                <![CDATA[Chrome]]>
              </value>
            </param>
          </params>
          <reporter-output>
          </reporter-output>
        </test-method> <!-- setup -->
        <test-method is-config="true" signature="setUpClass(org.testng.ITestContext)[pri:0, instance:com.java.runner.SlidesRunner@932bc4a]" started-at="2025-02-13T17:33:53 IST" name="setUpClass" finished-at="2025-02-13T17:33:54 IST" duration-ms="1218" status="PASS">
          <params>
            <param index="0">
              <value>
                <![CDATA[org.testng.TestRunner@6b695b06]]>
              </value>
            </param>
          </params>
          <reporter-output>
          </reporter-output>
        </test-method> <!-- setUpClass -->
        <test-method is-config="true" signature="setCucumberTags(java.lang.String)[pri:0, instance:com.java.runner.SlidesRunner@932bc4a]" started-at="2025-02-13T17:33:54 IST" name="setCucumberTags" finished-at="2025-02-13T17:33:54 IST" duration-ms="2" status="PASS">
          <params>
            <param index="0">
              <value>
                <![CDATA[@DP1]]>
              </value>
            </param>
          </params>
          <reporter-output>
          </reporter-output>
        </test-method> <!-- setCucumberTags -->
        <test-method signature="runScenario(io.cucumber.testng.PickleWrapper,io.cucumber.testng.FeatureWrapper)[pri:0, instance:com.java.runner.SlidesRunner@932bc4a]" started-at="2025-02-13T17:33:54 IST" name="runScenario" description="Runs Cucumber Scenarios" data-provider="scenarios" finished-at="2025-02-13T17:35:47 IST" duration-ms="112856" status="PASS">
          <params>
            <param index="0">
              <value>
                <![CDATA["Validate slide count, titles, and duration"]]>
              </value>
            </param>
            <param index="1">
              <value>
                <![CDATA["Optional[Validate Slides on DP1 Home Page]"]]>
              </value>
            </param>
          </params>
          <reporter-output>
          </reporter-output>
        </test-method> <!-- runScenario -->
        <test-method is-config="true" signature="tearDownClass()[pri:0, instance:com.java.runner.SlidesRunner@932bc4a]" started-at="2025-02-13T17:35:47 IST" name="tearDownClass" finished-at="2025-02-13T17:35:47 IST" duration-ms="14" status="PASS">
          <reporter-output>
          </reporter-output>
        </test-method> <!-- tearDownClass -->
      </class> <!-- com.java.runner.SlidesRunner -->
    </test> <!-- Derived Product 1 Tests in Chrome -->
  </suite> <!-- Suite -->
</testng-results>
